Performing C SOURCE FILE Test CMAKE_HAVE_LIBC_PTHREAD failed with the following output:
Change Dir: /home/cyc/campus_ws/build/CMakeFiles/CMakeScratch/TryCompile-qQhUDJ

Run Build Command(s):/usr/bin/make -f Makefile cmTC_f474f/fast && /usr/bin/make  -f CMakeFiles/cmTC_f474f.dir/build.make CMakeFiles/cmTC_f474f.dir/build
make[1]: Entering directory '/home/cyc/campus_ws/build/CMakeFiles/CMakeScratch/TryCompile-qQhUDJ'
Building C object CMakeFiles/cmTC_f474f.dir/src.c.o
/usr/bin/cc -DCMAKE_HAVE_LIBC_PTHREAD   -o CMakeFiles/cmTC_f474f.dir/src.c.o -c /home/cyc/campus_ws/build/CMakeFiles/CMakeScratch/TryCompile-qQhUDJ/src.c
Linking C executable cmTC_f474f
/home/cyc/.local/lib/python3.8/site-packages/cmake/data/bin/cmake -E cmake_link_script CMakeFiles/cmTC_f474f.dir/link.txt --verbose=1
/usr/bin/cc -rdynamic CMakeFiles/cmTC_f474f.dir/src.c.o -o cmTC_f474f 
/usr/local/bin/ld: CMakeFiles/cmTC_f474f.dir/src.c.o: in function `main':
src.c:(.text+0x46): undefined reference to `pthread_create'
/usr/local/bin/ld: src.c:(.text+0x52): undefined reference to `pthread_detach'
/usr/local/bin/ld: src.c:(.text+0x5e): undefined reference to `pthread_cancel'
/usr/local/bin/ld: src.c:(.text+0x6f): undefined reference to `pthread_join'
collect2: error: ld returned 1 exit status
make[1]: *** [CMakeFiles/cmTC_f474f.dir/build.make:99: cmTC_f474f] Error 1
make[1]: Leaving directory '/home/cyc/campus_ws/build/CMakeFiles/CMakeScratch/TryCompile-qQhUDJ'
make: *** [Makefile:127: cmTC_f474f/fast] Error 2


Source file was:
#include <pthread.h>

static void* test_func(void* data)
{
  return data;
}

int main(void)
{
  pthread_t thread;
  pthread_create(&thread, NULL, test_func, NULL);
  pthread_detach(thread);
  pthread_cancel(thread);
  pthread_join(thread, NULL);
  pthread_atfork(NULL, NULL, NULL);
  pthread_exit(NULL);

  return 0;
}


Determining if the function pthread_create exists in the pthreads failed with the following output:
Change Dir: /home/cyc/campus_ws/build/CMakeFiles/CMakeScratch/TryCompile-CzarOH

Run Build Command(s):/usr/bin/make -f Makefile cmTC_c0f43/fast && /usr/bin/make  -f CMakeFiles/cmTC_c0f43.dir/build.make CMakeFiles/cmTC_c0f43.dir/build
make[1]: Entering directory '/home/cyc/campus_ws/build/CMakeFiles/CMakeScratch/TryCompile-CzarOH'
Building C object CMakeFiles/cmTC_c0f43.dir/CheckFunctionExists.c.o
/usr/bin/cc   -DCHECK_FUNCTION_EXISTS=pthread_create -o CMakeFiles/cmTC_c0f43.dir/CheckFunctionExists.c.o -c /home/cyc/campus_ws/build/CMakeFiles/CMakeScratch/TryCompile-CzarOH/CheckFunctionExists.c
Linking C executable cmTC_c0f43
/home/cyc/.local/lib/python3.8/site-packages/cmake/data/bin/cmake -E cmake_link_script CMakeFiles/cmTC_c0f43.dir/link.txt --verbose=1
/usr/bin/cc  -DCHECK_FUNCTION_EXISTS=pthread_create -rdynamic CMakeFiles/cmTC_c0f43.dir/CheckFunctionExists.c.o -o cmTC_c0f43  -lpthreads 
/usr/local/bin/ld: cannot find -lpthreads
collect2: error: ld returned 1 exit status
make[1]: *** [CMakeFiles/cmTC_c0f43.dir/build.make:99: cmTC_c0f43] Error 1
make[1]: Leaving directory '/home/cyc/campus_ws/build/CMakeFiles/CMakeScratch/TryCompile-CzarOH'
make: *** [Makefile:127: cmTC_c0f43/fast] Error 2



